Unity Editor version:    6000.0.63f1 (9438f9b77a46)
Branch:                  6000.0/respin/6000.0.63f1-b423dd65e13f
Build type:              Release
Batch mode:              YES
macOS version:           Version 13.6 (Build 22G120)
Darwin version:          22.6.0
Architecture:            arm64
Running under Rosetta:   NO
Available memory:        8192 MB
[Licensing::Module] Trying to connect to existing licensing client channel...
[Licensing::IpcConnector] Successfully connected to: "LicenseClient-ayeshaislam" at "2025-12-16T23:24:34.802447Z"
[Licensing::Client] Code 1 while verifying Licensing Client signature (process Id: 42418, path: "/Applications/Unity/Hub/Editor/6000.0.63f1/Unity.app/Contents/Frameworks/UnityLicensingClient.app/Contents/MacOS/Unity.Licensing.Client")
[Licensing::Module] LicensingClient has failed validation; ignoring
[Licensing::Client] Handshaking with LicensingClient:
  Version:                 1.17.4+4293ba1
  Session Id:              d60061643eae44d3815e6c0ac506fea1
  Correlation Id:          4edae406827475e72bacb0f5ad0c3139
  External correlation Id: 3336798859125926378
  Machine Id:              YVj73FRRxWzjoFhaeU3buHXJudA=
[Licensing::Module] Successfully connected to LicensingClient on channel: "LicenseClient-ayeshaislam" (connect: 0.00s, validation: 0.01s, handshake: 0.04s)
[Licensing::IpcConnector] Successfully connected to: "LicenseClient-ayeshaislam-notifications" at "2025-12-16T23:24:34.857263Z"
[Licensing::Module] Licensing Background thread has ended after 0.05s

COMMAND LINE ARGUMENTS:
/Applications/Unity/Hub/Editor/6000.0.63f1/Unity.app/Contents/MacOS/Unity
-adb2
-batchMode
-noUpm
-name
AssetImportWorker0
-projectPath
/Users/ayeshaislam/Desktop/VR_MD/VR-Meditation/VRMeditation
-logFile
Logs/AssetImportWorker0.log
-srvPort
63323
-licensingIpc
LicenseClient-ayeshaislam
-job-worker-count
3
-background-job-worker-count
8
-gc-helper-count
1
-name AssetImport
Successfully changed project path to: /Users/ayeshaislam/Desktop/VR_MD/VR-Meditation/VRMeditation
/Users/ayeshaislam/Desktop/VR_MD/VR-Meditation/VRMeditation
[UnityMemory] Configuration Parameters - Can be set up in boot.config
    "memorysetup-bucket-allocator-granularity=16"
    "memorysetup-bucket-allocator-bucket-count=8"
    "memorysetup-bucket-allocator-block-size=33554432"
    "memorysetup-bucket-allocator-block-count=8"
    "memorysetup-main-allocator-block-size=16777216"
    "memorysetup-thread-allocator-block-size=16777216"
    "memorysetup-gfx-main-allocator-block-size=16777216"
    "memorysetup-gfx-thread-allocator-block-size=16777216"
    "memorysetup-cache-allocator-block-size=4194304"
    "memorysetup-typetree-allocator-block-size=2097152"
    "memorysetup-profiler-bucket-allocator-granularity=16"
    "memorysetup-profiler-bucket-allocator-bucket-count=8"
    "memorysetup-profiler-bucket-allocator-block-size=33554432"
    "memorysetup-profiler-bucket-allocator-block-count=8"
    "memorysetup-profiler-allocator-block-size=16777216"
    "memorysetup-profiler-editor-allocator-block-size=1048576"
    "memorysetup-temp-allocator-size-main=16777216"
    "memorysetup-job-temp-allocator-block-size=2097152"
    "memorysetup-job-temp-allocator-block-size-background=1048576"
    "memorysetup-job-temp-allocator-reduction-small-platforms=262144"
    "memorysetup-allocator-temp-initial-block-size-main=262144"
    "memorysetup-allocator-temp-initial-block-size-worker=262144"
    "memorysetup-temp-allocator-size-background-worker=32768"
    "memorysetup-temp-allocator-size-job-worker=262144"
    "memorysetup-temp-allocator-size-preload-manager=33554432"
    "memorysetup-temp-allocator-size-nav-mesh-worker=65536"
    "memorysetup-temp-allocator-size-audio-worker=65536"
    "memorysetup-temp-allocator-size-cloud-worker=32768"
    "memorysetup-temp-allocator-size-gi-baking-worker=262144"
    "memorysetup-temp-allocator-size-gi-baking-worker=262144"
    "memorysetup-temp-allocator-size-gi-baking-worker=262144"
    "memorysetup-temp-allocator-size-gi-baking-worker=262144"
    "memorysetup-temp-allocator-size-gi-baking-worker=262144"
    "memorysetup-temp-allocator-size-gfx=262144"
Player connection [8388567168]  Target information:

Player connection [8388567168]  * "[IP] 192.168.1.169 [Port] 0 [Flags] 2 [Guid] 3143184054 [EditorId] 3143184054 [Version] 1048832 [Id] OSXEditor(0,Ayeshas-MBP-2.lan) [Debug] 1 [PackageName] OSXEditor [ProjectName] Editor" 

Player connection [8388567168] Host joined multi-casting on [225.0.0.222:54997]...
Player connection [8388567168] Host joined alternative multi-casting on [225.0.0.222:34997]...
JobSystem: Creating JobQueue using job-worker-count value 3
Input System module state changed to: Initialized.
[Physics::Module] Initialized fallback backend.
[Physics::Module] Id: 0xdecafbad
Library Redirect Path: Library/
[Physics::Module] Selected backend.
[Physics::Module] Name: PhysX
[Physics::Module] Id: 0xf2b8ea05
[Physics::Module] SDK Version: 4.1.2
[Physics::Module] Integration Version: 1.0.0
[Physics::Module] Threading Mode: Multi-Threaded
Refreshing native plugins compatible for Editor in 4.68 ms, found 2 plugins.
Preloading 1 native plugins for Editor in 10.78 ms.
Initialize engine version: 6000.0.63f1 (9438f9b77a46)
[Subsystems] Discovering subsystems at path /Applications/Unity/Hub/Editor/6000.0.63f1/Unity.app/Contents/Resources/UnitySubsystems
[Subsystems] Discovering subsystems at path /Users/ayeshaislam/Desktop/VR_MD/VR-Meditation/VRMeditation/Assets
GfxDevice: creating device client; kGfxThreadingModeNonThreaded
 preferred device: Apple M1 (high power)
Metal devices available: 1
0: Apple M1 (high power)
Using device Apple M1 (high power)
Initializing Metal device caps: Apple M1
Initialize mono
Mono path[0] = '/Applications/Unity/Hub/Editor/6000.0.63f1/Unity.app/Contents/Managed'
Mono path[1] = '/Applications/Unity/Hub/Editor/6000.0.63f1/Unity.app/Contents/MonoBleedingEdge/lib/mono/unityjit-macos'
Mono config path = '/Applications/Unity/Hub/Editor/6000.0.63f1/Unity.app/Contents/MonoBleedingEdge/etc'
Using monoOptions --debugger-agent=transport=dt_socket,embedding=1,server=y,suspend=n,address=127.0.0.1:56147
Begin MonoManager ReloadAssembly
Registering precompiled unity dll's ...
Register platform support module: /Applications/Unity/Hub/Editor/6000.0.63f1/Unity.app/Contents/PlaybackEngines/MacStandaloneSupport/UnityEditor.OSXStandalone.Extensions.dll
[Licensing::Client] Successfully resolved entitlement details
[Licensing::Module] License group:
  Id: 18967765159623-UnityPersXXXX
  Product: Unity Personal
  Type: Assigned
  Expiration: Unlimited
Register platform support module: /Applications/Unity/Hub/Editor/6000.0.63f1/PlaybackEngines/iOSSupport/UnityEditor.iOS.Extensions.dll
Registered in 0.007736 seconds.
- Loaded All Assemblies, in  0.547 seconds
[usbmuxd] Start listen thread
[usbmuxd] Listen thread started
[usbmuxd] Send listen message
Native extension for iOS target not found
2025-12-16 18:24:36.872 Unity[70147:4877823] [XcodeApplications] Failed to read NSDictionary from path /Applications/Xcode.app/Contents/Info.plist
Native extension for OSXStandalone target not found
Mono: successfully reloaded assembly
- Finished resetting the current domain, in  0.461 seconds
Domain Reload Profiling: 1008ms
	BeginReloadAssembly (228ms)
		ExecutionOrderSort (0ms)
		DisableScriptedObjects (0ms)
		BackupInstance (0ms)
		ReleaseScriptingObjects (0ms)
		CreateAndSetChildDomain (6ms)
	RebuildCommonClasses (50ms)
	RebuildNativeTypeToScriptingClass (17ms)
	initialDomainReloadingComplete (61ms)
	LoadAllAssembliesAndSetupDomain (190ms)
		LoadAssemblies (217ms)
		RebuildTransferFunctionScriptingTraits (0ms)
		AnalyzeDomain (186ms)
			TypeCache.Refresh (185ms)
				TypeCache.ScanAssembly (165ms)
			BuildScriptInfoCaches (0ms)
			ResolveRequiredComponents (1ms)
	FinalizeReload (462ms)
		ReleaseScriptCaches (0ms)
		RebuildScriptCaches (0ms)
		SetupLoadedEditorAssemblies (418ms)
			LogAssemblyErrors (0ms)
			InitializePlatformSupportModulesInManaged (147ms)
			SetLoadedEditorAssemblies (5ms)
			BeforeProcessingInitializeOnLoad (70ms)
			ProcessInitializeOnLoadAttributes (132ms)
			ProcessInitializeOnLoadMethodAttributes (65ms)
			AfterProcessingInitializeOnLoad (0ms)
			EditorAssembliesLoaded (0ms)
		ExecutionOrderSort2 (0ms)
		AwakeInstancesAfterBackupRestoration (0ms)
[CoreBusinessMetrics] Unexpected thread when updating session info.
========================================================================
Worker process is ready to serve import requests
Import Worker Mode flag is 0x00
Begin MonoManager ReloadAssembly
[Licensing::Client] Successfully resolved entitlement details
- Loaded All Assemblies, in  0.690 seconds
Refreshing native plugins compatible for Editor in 0.89 ms, found 2 plugins.
Native extension for iOS target not found
2025-12-16 18:24:38.508 Unity[70147:4877823] [XcodeApplications] Failed to read NSDictionary from path /Applications/Xcode.app/Contents/Info.plist
Native extension for OSXStandalone target not found
Package Manager log level set to [2]
[Package Manager] Failed to launch server process. Reason: Unity was launched with the -noUpm command-line argument
[Package Manager] Unable to send message (not connected to server process).
[Package Manager] Cannot connect to Unity Package Manager local server
Mono: successfully reloaded assembly
[Package Manager] Failed to launch server process. Reason: Unity was launched with the -noUpm command-line argument
[Package Manager] Unable to send message (not connected to server process).
[Package Manager] Cannot connect to Unity Package Manager local server
[Package Manager] Failed to launch server process. Reason: Unity was launched with the -noUpm command-line argument
[Package Manager] Unable to send message (not connected to server process).
[Package Manager] Cannot connect to Unity Package Manager local server
- Finished resetting the current domain, in  1.374 seconds
Domain Reload Profiling: 2064ms
	BeginReloadAssembly (139ms)
		ExecutionOrderSort (0ms)
		DisableScriptedObjects (6ms)
		BackupInstance (0ms)
		ReleaseScriptingObjects (0ms)
		CreateAndSetChildDomain (39ms)
	RebuildCommonClasses (42ms)
	RebuildNativeTypeToScriptingClass (15ms)
	initialDomainReloadingComplete (22ms)
	LoadAllAssembliesAndSetupDomain (470ms)
		LoadAssemblies (321ms)
		RebuildTransferFunctionScriptingTraits (0ms)
		AnalyzeDomain (199ms)
			TypeCache.Refresh (157ms)
				TypeCache.ScanAssembly (139ms)
			BuildScriptInfoCaches (32ms)
			ResolveRequiredComponents (9ms)
	FinalizeReload (1376ms)
		ReleaseScriptCaches (0ms)
		RebuildScriptCaches (0ms)
		SetupLoadedEditorAssemblies (1100ms)
			LogAssemblyErrors (0ms)
			InitializePlatformSupportModulesInManaged (16ms)
			SetLoadedEditorAssemblies (4ms)
			BeforeProcessingInitializeOnLoad (140ms)
			ProcessInitializeOnLoadAttributes (790ms)
			ProcessInitializeOnLoadMethodAttributes (142ms)
			AfterProcessingInitializeOnLoad (5ms)
			EditorAssembliesLoaded (2ms)
		ExecutionOrderSort2 (0ms)
		AwakeInstancesAfterBackupRestoration (16ms)
WARNING: Shader Unsupported: 'Universal Render Pipeline/VR/SpatialMapping/Wireframe' - All subshaders removed
WARNING: Shader Did you use #pragma only_renderers and omit this platform?
WARNING: Shader If subshaders removal was intentional, you may have forgotten turning Fallback off?
WARNING: Shader Unsupported: 'Universal Render Pipeline/VR/SpatialMapping/Wireframe' - All subshaders removed
WARNING: Shader Did you use #pragma only_renderers and omit this platform?
WARNING: Shader If subshaders removal was intentional, you may have forgotten turning Fallback off?
Launching external process: /Applications/Unity/Hub/Editor/6000.0.63f1/Unity.app/Contents/Tools/UnityShaderCompiler
Launched and connected shader compiler UnityShaderCompiler after 0.33 seconds
Refreshing native plugins compatible for Editor in 1.73 ms, found 2 plugins.
Preloading 1 native plugins for Editor in 0.41 ms.
Unloading 14 Unused Serialized files (Serialized files now loaded: 0)
Unloading 4364 unused Assets / (2.0 MB). Loaded Objects now: 5052.
Memory consumption went from 114.2 MB to 112.3 MB.
Total: 42.113709 ms (FindLiveObjects: 3.494917 ms CreateObjectMapping: 0.506500 ms MarkObjects: 26.659958 ms  DeleteObjects: 11.449500 ms)

========================================================================
Received Import Request.
  Time since last request: 245387.853086 seconds.
  path: Assets/Forst/Conifers [BOTD]/Render Pipeline Support/URP/Sources/Textures/BODT Conifer Branches NTS.tif
  artifactKey: Guid(b1d0d3d0153acd44a9902e3e90407181) Importer(2089858483,192608db42251d675da83286b1cce702)
Start importing Assets/Forst/Conifers [BOTD]/Render Pipeline Support/URP/Sources/Textures/BODT Conifer Branches NTS.tif using Guid(b1d0d3d0153acd44a9902e3e90407181) Importer(2089858483,192608db42251d675da83286b1cce702) (ScriptedImporter) -> (artifact id: '7f9356c24ca58b6982bc5c106be91d2a') in 0.406708958 seconds
Number of updated asset objects reloaded before import = 0Number of asset objects unloaded after import = 1

========================================================================
Received Import Request.
  Time since last request: 0.000098 seconds.
  path: Assets/Forst/CTI Runtime Components/CTI Runtime Components URP 14plus/Shaders/Includes
  artifactKey: Guid(ac91899539dff654b86b33f7175c5dd8) Importer(2089858483,192608db42251d675da83286b1cce702)
Start importing Assets/Forst/CTI Runtime Components/CTI Runtime Components URP 14plus/Shaders/Includes using Guid(ac91899539dff654b86b33f7175c5dd8) Importer(2089858483,192608db42251d675da83286b1cce702) (ScriptedImporter) -> (artifact id: '45f6487bf9ae04fb50e8211d67696134') in 0.006194416 seconds
Number of updated asset objects reloaded before import = 0Number of asset objects unloaded after import = 1

========================================================================
Received Import Request.
  Time since last request: 0.000321 seconds.
  path: Assets/Forst/Conifers [BOTD]/Render Pipeline Support/URP/Sources/Textures
  artifactKey: Guid(f7e4348acfb1ac94dbf4998de356134c) Importer(2089858483,192608db42251d675da83286b1cce702)
Start importing Assets/Forst/Conifers [BOTD]/Render Pipeline Support/URP/Sources/Textures using Guid(f7e4348acfb1ac94dbf4998de356134c) Importer(2089858483,192608db42251d675da83286b1cce702) (ScriptedImporter) -> (artifact id: '723fea3ac163816e49e6a956f3bc7881') in 0.010752375 seconds
Number of updated asset objects reloaded before import = 0Number of asset objects unloaded after import = 1

========================================================================
Received Import Request.
  Time since last request: 0.000169 seconds.
  path: Assets/Forst/Conifers [BOTD]/Render Pipeline Support/URP/Sources
  artifactKey: Guid(d16449a6f88001b42b6dccc9149aa4bb) Importer(2089858483,192608db42251d675da83286b1cce702)
Start importing Assets/Forst/Conifers [BOTD]/Render Pipeline Support/URP/Sources using Guid(d16449a6f88001b42b6dccc9149aa4bb) Importer(2089858483,192608db42251d675da83286b1cce702) (ScriptedImporter) -> (artifact id: '924e4395f36455143bb6bc532e94e2e7') in 0.011517417 seconds
Number of updated asset objects reloaded before import = 0Number of asset objects unloaded after import = 1

========================================================================
Received Import Request.
  Time since last request: 0.000473 seconds.
  path: Assets/Forst/Conifers [BOTD]/Render Pipeline Support/URP/Sources/Billboards
  artifactKey: Guid(64d8f82f745329041a3f8791c31b152d) Importer(2089858483,192608db42251d675da83286b1cce702)
Start importing Assets/Forst/Conifers [BOTD]/Render Pipeline Support/URP/Sources/Billboards using Guid(64d8f82f745329041a3f8791c31b152d) Importer(2089858483,192608db42251d675da83286b1cce702) (ScriptedImporter) -> (artifact id: 'f6ff01e9b4c707c1433d4502a26a06dc') in 0.017394875 seconds
Number of updated asset objects reloaded before import = 0Number of asset objects unloaded after import = 1

========================================================================
Received Import Request.
  Time since last request: 0.000106 seconds.
  path: Assets/Forst/CTI Runtime Components/CTI Runtime Components URP 14plus/Shaders/Includes/CTI URP SG Utils.hlsl
  artifactKey: Guid(e5d97cde99a37644e83755790f752d33) Importer(2089858483,192608db42251d675da83286b1cce702)
Start importing Assets/Forst/CTI Runtime Components/CTI Runtime Components URP 14plus/Shaders/Includes/CTI URP SG Utils.hlsl using Guid(e5d97cde99a37644e83755790f752d33) Importer(2089858483,192608db42251d675da83286b1cce702) (ScriptedImporter) -> (artifact id: '53d085d23c5647477a72ccfec00ca338') in 0.0077435 seconds
Number of updated asset objects reloaded before import = 0Number of asset objects unloaded after import = 1

========================================================================
Received Import Request.
  Time since last request: 0.000341 seconds.
  path: Assets/Forst/CTI Runtime Components/CTI Runtime Components URP 14plus/Shaders/CTI URP SG Billboard.shadergraph
  artifactKey: Guid(9687c08fa2bba864ba8950c7a039274c) Importer(2089858483,192608db42251d675da83286b1cce702)
Start importing Assets/Forst/CTI Runtime Components/CTI Runtime Components URP 14plus/Shaders/CTI URP SG Billboard.shadergraph using Guid(9687c08fa2bba864ba8950c7a039274c) Importer(2089858483,192608db42251d675da83286b1cce702) (ScriptedImporter) -> (artifact id: 'ee5d73536d68d9fad9b788141a150ba4') in 0.0963035 seconds
Number of updated asset objects reloaded before import = 0Number of asset objects unloaded after import = 7

========================================================================
Received Import Request.
  Time since last request: 0.000123 seconds.
  path: Assets/Forst/Conifers [BOTD]/Render Pipeline Support/URP/Demo/Conifers Cast URP Lighting Settings.lighting
  artifactKey: Guid(175821c029e26684bb95e2928169b60e) Importer(2089858483,192608db42251d675da83286b1cce702)
Start importing Assets/Forst/Conifers [BOTD]/Render Pipeline Support/URP/Demo/Conifers Cast URP Lighting Settings.lighting using Guid(175821c029e26684bb95e2928169b60e) Importer(2089858483,192608db42251d675da83286b1cce702) (ScriptedImporter)The Progressive CPU lightmapper is not available for Apple Silicon, switching to the Progressive GPU lightmapper.
UnityEngine.Debug:ExtractStackTraceNoAlloc (byte*,int,string)
UnityEngine.StackTraceUtility:ExtractStackTrace () (at /Users/bokken/build/output/unity/unity/Runtime/Export/Scripting/StackTrace.cs:35)
UnityEditor.AssetDatabase:LoadMainAssetAtPath (string)
UnityEditor.Search.AssetIndexer:IndexProperties (int&,string&,bool&) (at /Users/bokken/build/output/unity/unity/Modules/QuickSearch/Editor/Indexing/AssetIndexer.cs:287)
UnityEditor.Search.AssetIndexer:IndexDocument (string,bool) (at /Users/bokken/build/output/unity/unity/Modules/QuickSearch/Editor/Indexing/AssetIndexer.cs:194)
UnityEditor.Search.SearchIndexEntryImporter:OnImportAsset (UnityEditor.AssetImporters.AssetImportContext) (at /Users/bokken/build/output/unity/unity/Modules/QuickSearch/Editor/Indexing/SearchIndexEntryImporter.cs:64)
UnityEditor.AssetImporters.ScriptedImporter:GenerateAssetData (UnityEditor.AssetImporters.AssetImportContext) (at /Users/bokken/build/output/unity/unity/Modules/AssetPipelineEditor/Public/ScriptedImporter.cs:25)

[/Users/bokken/build/output/unity/unity/Modules/QuickSearch/Editor/Indexing/AssetIndexer.cs line 287]

LightingSettings: switching bake backend from 2 to 1.
 -> (artifact id: 'dffe32a3ea36f6f995c9a15775a1bbb7') in 0.053558459 seconds
Number of updated asset objects reloaded before import = 0Number of asset objects unloaded after import = 1

========================================================================
Received Import Request.
  Time since last request: 0.000104 seconds.
  path: Assets/VR Meditation/3rd Party Assets/CTI URP/CTI Runtime Components URP/Scripts/CTI_URP_CustomWind.cs
  artifactKey: Guid(f350e90087ca94ede90ef03fac33cc34) Importer(2089858483,192608db42251d675da83286b1cce702)
Start importing Assets/VR Meditation/3rd Party Assets/CTI URP/CTI Runtime Components URP/Scripts/CTI_URP_CustomWind.cs using Guid(f350e90087ca94ede90ef03fac33cc34) Importer(2089858483,192608db42251d675da83286b1cce702) (ScriptedImporter) -> (artifact id: '1b4f167783b24ba6ae0c3e86376f825f') in 0.040335167 seconds
Number of updated asset objects reloaded before import = 0Number of asset objects unloaded after import = 0

========================================================================
Received Import Request.
  Time since last request: 0.000321 seconds.
  path: Assets/VR Meditation/3rd Party Assets/Conifers [BOTD]/Render Pipeline Support/URP/Prefabs URP/PF Conifer Small BOTD URP.prefab
  artifactKey: Guid(1aaf3ef80841d9c4990a27fee328eb1c) Importer(2089858483,192608db42251d675da83286b1cce702)
Start importing Assets/VR Meditation/3rd Party Assets/Conifers [BOTD]/Render Pipeline Support/URP/Prefabs URP/PF Conifer Small BOTD URP.prefab using Guid(1aaf3ef80841d9c4990a27fee328eb1c) Importer(2089858483,192608db42251d675da83286b1cce702) (ScriptedImporter) -> (artifact id: '75b5106356c123ab3f46a0366a219346') in 0.053098166 seconds
Number of updated asset objects reloaded before import = 0Number of asset objects unloaded after import = 20

========================================================================
Received Import Request.
  Time since last request: 0.000111 seconds.
  path: Assets/Forst/Conifers [BOTD]/Render Pipeline Support
  artifactKey: Guid(a06743ed26e8140ab96b944af77633d1) Importer(2089858483,192608db42251d675da83286b1cce702)
Start importing Assets/Forst/Conifers [BOTD]/Render Pipeline Support using Guid(a06743ed26e8140ab96b944af77633d1) Importer(2089858483,192608db42251d675da83286b1cce702) (ScriptedImporter) -> (artifact id: '25ffffcec1a32c237c0e7094fbc2a2bc') in 0.0056335 seconds
Number of updated asset objects reloaded before import = 0Number of asset objects unloaded after import = 1

========================================================================
Received Import Request.
  Time since last request: 0.000202 seconds.
  path: Assets/Forst/CTI Runtime Components/CTI Runtime Components URP 14plus/Shaders/Includes/CTI URP SG Wind.hlsl
  artifactKey: Guid(6edaaabf19fadfe4fa45576b1902b0c8) Importer(2089858483,192608db42251d675da83286b1cce702)
Start importing Assets/Forst/CTI Runtime Components/CTI Runtime Components URP 14plus/Shaders/Includes/CTI URP SG Wind.hlsl using Guid(6edaaabf19fadfe4fa45576b1902b0c8) Importer(2089858483,192608db42251d675da83286b1cce702) (ScriptedImporter) -> (artifact id: '941dd40adf11b93b889753bb3ce60266') in 0.0082105 seconds
Number of updated asset objects reloaded before import = 0Number of asset objects unloaded after import = 1

========================================================================
Received Import Request.
  Time since last request: 0.000369 seconds.
  path: Assets/Forst/Conifers [BOTD]/Render Pipeline Support/URP/Demo/Conifers Cast URP.unity
  artifactKey: Guid(446ee6e3754519441a2176af0e75cc27) Importer(2089858483,192608db42251d675da83286b1cce702)
Start importing Assets/Forst/Conifers [BOTD]/Render Pipeline Support/URP/Demo/Conifers Cast URP.unity using Guid(446ee6e3754519441a2176af0e75cc27) Importer(2089858483,192608db42251d675da83286b1cce702) (ScriptedImporter) -> (artifact id: 'ec2fec038ae1e9891d554931381a4de0') in 0.015324875 seconds
Number of updated asset objects reloaded before import = 0Number of asset objects unloaded after import = 1

========================================================================
Received Import Request.
  Time since last request: 0.000106 seconds.
  path: Assets/Forst/Conifers [BOTD]/Render Pipeline Support/URP/Sources/Materials/M Conifer Leaves URP.mat
  artifactKey: Guid(3502a534e4e95374684d762f0f301b65) Importer(2089858483,192608db42251d675da83286b1cce702)
Start importing Assets/Forst/Conifers [BOTD]/Render Pipeline Support/URP/Sources/Materials/M Conifer Leaves URP.mat using Guid(3502a534e4e95374684d762f0f301b65) Importer(2089858483,192608db42251d675da83286b1cce702) (ScriptedImporter) -> (artifact id: 'ba3d39da33d64eefaeeddf752aa5346e') in 0.043651417 seconds
Number of updated asset objects reloaded before import = 0Number of asset objects unloaded after import = 10

========================================================================
Received Import Request.
  Time since last request: 0.000095 seconds.
  path: Assets/Forst/Conifers [BOTD]/Render Pipeline Support/URP/Sources/Materials
  artifactKey: Guid(a54311aeaa5a5d14094261d9bb22ac9c) Importer(2089858483,192608db42251d675da83286b1cce702)
Start importing Assets/Forst/Conifers [BOTD]/Render Pipeline Support/URP/Sources/Materials using Guid(a54311aeaa5a5d14094261d9bb22ac9c) Importer(2089858483,192608db42251d675da83286b1cce702) (ScriptedImporter) -> (artifact id: 'acfe327eec501885b8b8660ae42a102e') in 0.005281459 seconds
Number of updated asset objects reloaded before import = 0Number of asset objects unloaded after import = 1

========================================================================
Received Import Request.
  Time since last request: 0.000110 seconds.
  path: Assets/Forst/Conifers [BOTD]/Render Pipeline Support/URP/Sources/Billboards/Conifer Medium_BillboardMaterial.mat
  artifactKey: Guid(c72ddc6b6a4d7ee4eb456eec94e826ae) Importer(2089858483,192608db42251d675da83286b1cce702)
Start importing Assets/Forst/Conifers [BOTD]/Render Pipeline Support/URP/Sources/Billboards/Conifer Medium_BillboardMaterial.mat using Guid(c72ddc6b6a4d7ee4eb456eec94e826ae) Importer(2089858483,192608db42251d675da83286b1cce702) (ScriptedImporter) -> (artifact id: 'ce715d585d343fc0419b759bfe8d9876') in 0.026153083 seconds
Number of updated asset objects reloaded before import = 0Number of asset objects unloaded after import = 10

========================================================================
Received Import Request.
  Time since last request: 0.000154 seconds.
  path: Assets/Forst/CTI Runtime Components/CTI Runtime Components URP 14plus/Shaders/Includes/CTI URP SG BillboardVertex.hlsl
  artifactKey: Guid(135f75a97ae2e2e43b2cc94a2ee0898d) Importer(2089858483,192608db42251d675da83286b1cce702)
Start importing Assets/Forst/CTI Runtime Components/CTI Runtime Components URP 14plus/Shaders/Includes/CTI URP SG BillboardVertex.hlsl using Guid(135f75a97ae2e2e43b2cc94a2ee0898d) Importer(2089858483,192608db42251d675da83286b1cce702) (ScriptedImporter) -> (artifact id: 'dcc10bede009856e1eef7472d995e222') in 0.013563584 seconds
Number of updated asset objects reloaded before import = 0Number of asset objects unloaded after import = 1

========================================================================
Received Import Request.
  Time since last request: 0.000094 seconds.
  path: Assets/Forst/Conifers [BOTD]/Render Pipeline Support/URP/Sources/Billboards/Conifer Medium_BillboardAsset.asset
  artifactKey: Guid(9ee17d3255b0c7349a01902afca86f66) Importer(2089858483,192608db42251d675da83286b1cce702)
Start importing Assets/Forst/Conifers [BOTD]/Render Pipeline Support/URP/Sources/Billboards/Conifer Medium_BillboardAsset.asset using Guid(9ee17d3255b0c7349a01902afca86f66) Importer(2089858483,192608db42251d675da83286b1cce702) (ScriptedImporter) -> (artifact id: '2867ba3c45f9b41a6379072561e04858') in 0.013403334 seconds
Number of updated asset objects reloaded before import = 0Number of asset objects unloaded after import = 2

========================================================================
Received Import Request.
  Time since last request: 0.000241 seconds.
  path: Assets/Forst/CTI Runtime Components/CTI Runtime Components URP 14plus/Shaders
  artifactKey: Guid(ca75dee1e1c3f604a953ef7560eb71a1) Importer(2089858483,192608db42251d675da83286b1cce702)
Start importing Assets/Forst/CTI Runtime Components/CTI Runtime Components URP 14plus/Shaders using Guid(ca75dee1e1c3f604a953ef7560eb71a1) Importer(2089858483,192608db42251d675da83286b1cce702) (ScriptedImporter) -> (artifact id: '9c2b070a19e97b7532f4a18dfc618c58') in 0.018667208 seconds
Number of updated asset objects reloaded before import = 0Number of asset objects unloaded after import = 1

========================================================================
Received Import Request.
  Time since last request: 0.000136 seconds.
  path: Assets/Forst/Conifers [BOTD]/Render Pipeline Support/URP/Sources/Billboards/Conifer Bare_BillboardAsset.asset
  artifactKey: Guid(058bed1a2edddb74680c6b17a2543505) Importer(2089858483,192608db42251d675da83286b1cce702)
Start importing Assets/Forst/Conifers [BOTD]/Render Pipeline Support/URP/Sources/Billboards/Conifer Bare_BillboardAsset.asset using Guid(058bed1a2edddb74680c6b17a2543505) Importer(2089858483,192608db42251d675da83286b1cce702) (ScriptedImporter) -> (artifact id: 'cee946510a9a34cb5222e6218f9248ff') in 0.015756458 seconds
Number of updated asset objects reloaded before import = 0Number of asset objects unloaded after import = 2

========================================================================
Received Import Request.
  Time since last request: 0.000098 seconds.
  path: Assets/VR Meditation/3rd Party Assets/Conifers [BOTD]/Render Pipeline Support/URP/Prefabs URP/PF Conifer Bare BOTD URP.prefab
  artifactKey: Guid(82a6bf9ca38d9d443997ccec084ba669) Importer(2089858483,192608db42251d675da83286b1cce702)
Start importing Assets/VR Meditation/3rd Party Assets/Conifers [BOTD]/Render Pipeline Support/URP/Prefabs URP/PF Conifer Bare BOTD URP.prefab using Guid(82a6bf9ca38d9d443997ccec084ba669) Importer(2089858483,192608db42251d675da83286b1cce702) (ScriptedImporter) -> (artifact id: '23989d5e3c0430b9992791f3abf6cd73') in 0.046239916 seconds
Number of updated asset objects reloaded before import = 0Number of asset objects unloaded after import = 20

========================================================================
Received Import Request.
  Time since last request: 0.000113 seconds.
  path: Assets/Forst/Conifers [BOTD]/Render Pipeline Support/URP/Sources/Materials/M Conifer Bark Array URP.mat
  artifactKey: Guid(9e3644d06febbfc45993a332369887e2) Importer(2089858483,192608db42251d675da83286b1cce702)
Start importing Assets/Forst/Conifers [BOTD]/Render Pipeline Support/URP/Sources/Materials/M Conifer Bark Array URP.mat using Guid(9e3644d06febbfc45993a332369887e2) Importer(2089858483,192608db42251d675da83286b1cce702) (ScriptedImporter) -> (artifact id: '7ecdbd384d648c608b58715c8e3c562c') in 0.442669625 seconds
Number of updated asset objects reloaded before import = 0Number of asset objects unloaded after import = 9

========================================================================
Received Prepare
Begin MonoManager ReloadAssembly
Thread 0x16f473000 may have been prematurely finalized
- Loaded All Assemblies, in  1.880 seconds
Refreshing native plugins compatible for Editor in 12.22 ms, found 9 plugins.
Native extension for iOS target not found
2025-12-16 18:25:20.916 Unity[70147:4877823] [XcodeApplications] Failed to read NSDictionary from path /Applications/Xcode.app/Contents/Info.plist
Native extension for OSXStandalone target not found
[Package Manager] Failed to launch server process. Reason: Unity was launched with the -noUpm command-line argument
[Package Manager] Unable to send message (not connected to server process).
[Package Manager] Cannot connect to Unity Package Manager local server
Mono: successfully reloaded assembly
[Package Manager] Failed to launch server process. Reason: Unity was launched with the -noUpm command-line argument
[Package Manager] Unable to send message (not connected to server process).
[Package Manager] Cannot connect to Unity Package Manager local server
- Finished resetting the current domain, in  1.726 seconds
Domain Reload Profiling: 3609ms
	BeginReloadAssembly (506ms)
		ExecutionOrderSort (0ms)
		DisableScriptedObjects (27ms)
		BackupInstance (0ms)
		ReleaseScriptingObjects (1ms)
		CreateAndSetChildDomain (187ms)
	RebuildCommonClasses (74ms)
	RebuildNativeTypeToScriptingClass (48ms)
	initialDomainReloadingComplete (77ms)
	LoadAllAssembliesAndSetupDomain (1176ms)
		LoadAssemblies (818ms)
		RebuildTransferFunctionScriptingTraits (0ms)
		AnalyzeDomain (533ms)
			TypeCache.Refresh (227ms)
				TypeCache.ScanAssembly (170ms)
			BuildScriptInfoCaches (282ms)
			ResolveRequiredComponents (18ms)
	FinalizeReload (1727ms)
		ReleaseScriptCaches (0ms)
		RebuildScriptCaches (0ms)
		SetupLoadedEditorAssemblies (1366ms)
			LogAssemblyErrors (0ms)
			InitializePlatformSupportModulesInManaged (33ms)
			SetLoadedEditorAssemblies (7ms)
			BeforeProcessingInitializeOnLoad (236ms)
			ProcessInitializeOnLoadAttributes (859ms)
			ProcessInitializeOnLoadMethodAttributes (221ms)
			AfterProcessingInitializeOnLoad (3ms)
			EditorAssembliesLoaded (6ms)
		ExecutionOrderSort2 (2ms)
		AwakeInstancesAfterBackupRestoration (27ms)
WARNING: Shader Unsupported: 'Universal Render Pipeline/VR/SpatialMapping/Wireframe' - All subshaders removed
WARNING: Shader Did you use #pragma only_renderers and omit this platform?
WARNING: Shader If subshaders removal was intentional, you may have forgotten turning Fallback off?
WARNING: Shader Unsupported: 'Universal Render Pipeline/VR/SpatialMapping/Wireframe' - All subshaders removed
WARNING: Shader Did you use #pragma only_renderers and omit this platform?
WARNING: Shader If subshaders removal was intentional, you may have forgotten turning Fallback off?
Refreshing native plugins compatible for Editor in 9.03 ms, found 9 plugins.
Preloading 1 native plugins for Editor in 0.40 ms.
Unloading 14 Unused Serialized files (Serialized files now loaded: 0)
Unloading 5086 unused Assets / (3.5 MB). Loaded Objects now: 5779.
Memory consumption went from 140.6 MB to 137.1 MB.
Total: 47.051417 ms (FindLiveObjects: 2.229292 ms CreateObjectMapping: 1.592541 ms MarkObjects: 39.227084 ms  DeleteObjects: 4.000917 ms)

Prepare: number of updated asset objects reloaded= 0
